系统时间：2026-3-20 9:16:03.090
主线程:[inf][ 9:16:03.090]:WS量产工具v2.47_8010_otp
主线程:[inf][ 9:16:03.110]:已加载：watchfiles = true
主线程:[inf][ 9:16:03.110]:已加载：reboot = true
主线程:[inf][ 9:16:03.110]:已加载：log = true
主线程:[inf][ 9:16:03.110]:已加载：autodown = false
主线程:[inf][ 9:16:03.110]:已加载：down_baudrate = 1000000
主线程:[inf][ 9:16:03.110]:已加载：print_baudrate = 115200
主线程:[inf][ 9:16:03.110]:已加载：reset = powerup
主线程:[inf][ 9:16:03.110]:已加载：shark_timeout = 5000
主线程:[inf][ 9:16:03.110]:已加载：app = ^ws8%d+_%w?%w+_app_.*%.hex$
主线程:[inf][ 9:16:03.110]:已加载：stack = ^ws8%d+_%w?%w+_stack.*%.hex$
主线程:[inf][ 9:16:03.110]:已加载：boot = ^ws8%d+_%w?%w+_boot.*%.hex$
主线程:[inf][ 9:16:03.110]:已加载：part = ^ws8%d+_%w?%w+_part.*%.cfg$
主线程:[inf][ 9:16:03.110]:已加载：userdata = ^ws8%d+_%w?%w+_userdata.*%.cfg$
主线程:[inf][ 9:16:03.110]:已加载：total_down = 2763
主线程:[inf][ 9:16:03.110]:已加载：total_success = 2497
主线程:[inf][ 9:16:03.111]:LOG文件设置成功！
COM5:[inf][ 9:17:12.370]:等待下载 
COM5:[ 9:17:12.390]:拖拽识别:[inf][ 9:18:34.680]:[line:776]发现程序入口地址：0x00004101
拖拽识别:[inf][ 9:18:34.680]:HEX:已识别到块: 0x00004080(12380)
COM5:[inf][ 9:18:34.680]:握手中 
COM5:[inf][ 9:18:34.723]:握手成功 115200 43ms
COM5:[inf][ 9:18:34.724]:芯片型号 WS8010/WS241N
COM5:[inf][ 9:18:34.724]:00004080
COM5:[inf][ 9:18:34.726]:[line:93]发现程序入口地址：0x00000000
COM5:[inf][ 9:18:34.726]:HEX:已识别到块: 0x20000000(1444)
COM5:[inf][ 9:18:34.726]:OTP烧录警告 您将对OTP进行烧录，确认后请继续，否则终止<br/>烧录内容请查看LOG
COM5:[wrn][ 9:18:34.726]:固件内容:
COM5:[wrn][ 9:18:34.726]:[00004080]:10 09 00 20 75 48 00 00 0D 49 00 00 0F 49 00 00 0F 49 00 00 0F 49 00 00 0F 49 00 00 00 00 00 00
COM5:[wrn][ 9:18:34.726]:[000040A0]:00 00 00 00 00 00 00 00 00 00 00 00 00 00 00 00 00 00 00 00 00 00 00 00 91 16 00 00 11 49 00 00
COM5:[wrn][ 9:18:34.726]:[000040C0]:15 49 00 00 21 11 00 00 15 49 00 00 BF 4A 00 00 53 1B 00 00 15 49 00 00 15 49 00 00 00 00 00 00
COM5:[wrn][ 9:18:34.726]:[000040E0]:A7 49 00 00 15 49 00 00 15 49 00 00 15 49 00 00 00 00 00 00 15 49 00 00 00 00 00 00 15 49 00 00
COM5:[wrn][ 9:18:34.727]: ...
COM5:[wrn][ 9:18:34.727]:[00007060]:3B AA E2 ED 11 1A AA 84 41 1A 0D 0F 02 2B 64 1A 02 02 5A 20 F4 59 12 18 11 01 06 03 02 FD FD 05
COM5:[wrn][ 9:18:34.727]:[00007080]:09 77 6C 5F 31 16 FF 09 01 52 1B 01 10 04 32 D6 3A FF 01 1A AA 89 51 29 23 01 1E 63 30 75 13 A4
COM5:[wrn][ 9:18:34.727]:[000070A0]:01 64 20 A3 61 42 FF 00 12 36 07 05 12 78 77 02 05 09 05 09 44 65 6D 6F 02 01 05 3B 40 9C C5 9C
COM5:[wrn][ 9:18:34.727]:[000070C0]:20 49 62 5C 13 40 25 32 7F 23 20 4E 5A 41 18 B9 94 19 30 4B 53 0E 38 72 40 72 19 00
COM5:[wrn][ 9:18:34.727]:OTP烧录警告，您将对OTP进行烧录，请确认后继续
COM5:[inf][ 9:18:34.735]:fastboot 加载中
COM5:[inf][ 9:18:34.739]:20000000
COM5:[inf][ 9:18:34.739]:20000009
COM5:[inf][ 9:18:35.094]:BOOT信息 读取中
COM5:[inf][ 9:18:35.097]:BOOT信息 版本号:7.02
COM5:[inf][ 9:18:35.097]:密码认证中 
COM5:[inf][ 9:18:35.100]:认证完成 更新权限
COM5:[inf][ 9:18:35.100]:波特率 更新中
COM5:[inf][ 9:18:35.104]:波特率更新 1000000
COM5:[inf][ 9:18:35.110]:fastboot 加载完成
COM5:[inf][ 9:18:35.110]:HEX[00004080:12380] 0%
COM5:[inf][ 9:18:35.178]:HEX[00004080:12380] 4%
COM5:[inf][ 9:18:35.210]:HEX[00004080:12380] 6%
COM5:[inf][ 9:18:35.243]:HEX[00004080:12380] 8%
COM5:[inf][ 9:18:35.275]:HEX[00004080:12380] 10%
COM5:[inf][ 9:18:35.307]:HEX[00004080:12380] 12%
COM5:[inf][ 9:18:35.339]:HEX[00004080:12380] 14%
COM5:[inf][ 9:18:35.372]:HEX[00004080:12380] 16%
COM5:[inf][ 9:18:35.405]:HEX[00004080:12380] 18%
COM5:[inf][ 9:18:35.439]:HEX[00004080:12380] 20%
COM5:[inf][ 9:18:35.473]:HEX[00004080:12380] 22%
COM5:[inf][ 9:18:35.505]:HEX[00004080:12380] 24%
COM5:[inf][ 9:18:35.544]:HEX[00004080:12380] 26%
COM5:[inf][ 9:18:35.578]:HEX[00004080:12380] 28%
COM5:[inf][ 9:18:35.611]:HEX[00004080:12380] 31%
COM5:[inf][ 9:18:35.643]:HEX[00004080:12380] 33%
COM5:[inf][ 9:18:35.676]:HEX[00004080:12380] 35%
COM5:[inf][ 9:18:35.709]:HEX[00004080:12380] 37%
COM5:[inf][ 9:18:35.743]:HEX[00004080:12380] 3