ЯЕЭГЪБМфЃК2026-3-16 19:43:23.656
жїЯпГЬ:[inf][19:43:23.656]:WSСПВњЙЄОпv2.47_8010_otp
жїЯпГЬ:[inf][19:43:23.656]:вбМгдиЃКwatchfiles = true
жїЯпГЬ:[inf][19:43:23.656]:вбМгдиЃКreboot = true
жїЯпГЬ:[inf][19:43:23.656]:вбМгдиЃКlog = true
жїЯпГЬ:[inf][19:43:23.656]:вбМгдиЃКautodown = false
жїЯпГЬ:[inf][19:43:23.656]:вбМгдиЃКdown_baudrate = 1000000
жїЯпГЬ:[inf][19:43:23.656]:вбМгдиЃКprint_baudrate = 115200
жїЯпГЬ:[inf][19:43:23.656]:вбМгдиЃКreset = powerup
жїЯпГЬ:[inf][19:43:23.656]:вбМгдиЃКshark_timeout = 5000
жїЯпГЬ:[inf][19:43:23.656]:вбМгдиЃКapp = ^ws8%d+_%w?%w+_app_.*%.hex$
жїЯпГЬ:[inf][19:43:23.656]:вбМгдиЃКstack = ^ws8%d+_%w?%w+_stack.*%.hex$
жїЯпГЬ:[inf][19:43:23.656]:вбМгдиЃКboot = ^ws8%d+_%w?%w+_boot.*%.hex$
жїЯпГЬ:[inf][19:43:23.656]:вбМгдиЃКpart = ^ws8%d+_%w?%w+_part.*%.cfg$
жїЯпГЬ:[inf][19:43:23.656]:вбМгдиЃКuserdata = ^ws8%d+_%w?%w+_userdata.*%.cfg$
жїЯпГЬ:[inf][19:43:23.656]:вбМгдиЃКtotal_success = 2496
жїЯпГЬ:[inf][19:43:23.656]:вбМгдиЃКtotal_down = 2753
жїЯпГЬ:[inf][19:43:23.656]:LOGЮФМўЩшжУГЩЙІЃЁ
COM6:[inf][20:02:38.749]:ЕШД§ЯТди 
COM6:[20:02:38.766]:ЭЯзЇЪЖБ№:[inf][20:02:45.393]:[line:776]ЗЂЯжГЬађШыПкЕижЗЃК0x00004101
ЭЯзЇЪЖБ№:[inf][20:02:45.393]:HEX:вбЪЖБ№ЕНПщ: 0x00004080(12380)
COM6:[inf][20:02:45.393]:ЮеЪжжа 
COM6:[inf][20:02:50.420]:ЮеЪжЪЇАм 
COM6:[inf][20:02:50.421]:[string "БЛЯТдиЩшБИ.lua"]:154: 
stack traceback:
	[C]: in function 'error'
	[string "БЛЯТдиЩшБИ.lua"]:154: in field 'err_exit'
	[string "аОЦЌЪЖБ№.lua"]:219: in function <[string "аОЦЌЪЖБ№.lua"]:136>
	[C]: in function 'pcall'
	[string "БЛЯТдиЩшБИ.lua"]:123: in upvalue 'doTask'
	[string "БЛЯТдиЩшБИ.lua"]:175: in function <[string "БЛЯТдиЩшБИ.lua"]:145>
	[C]: in function 'pcall'
	[string "ЩшБИЙЄзїСї.lua"]:32: in upvalue 'deviceRunning'
	[string "ЩшБИЙЄзїСї.lua"]:82: in function <[string "ЩшБИЙЄзїСї.lua"]:40>
	[C]: in function 'pcall'
	[string "ШЮЮёЙмРэ.lua"]:8: in function <[string "ШЮЮёЙмРэ.lua"]:7>
COM6:[inf][20:02:50.421]:ЯТдиЪЇАм ГЩЙІ:0 ЪЇАм:1
COM6:[20:02:50.443]:COM6:[inf][20:03:04.723]:ЕШД§ЯТди 
COM6:[20:03:04.739]:ЭЯзЇЪЖБ№:[inf][20:03:12.031]:[line:776]ЗЂЯжГЬађШыПкЕижЗЃК0x00004101
ЭЯзЇЪЖБ№:[inf][20:03:12.031]:HEX:вбЪЖБ№ЕНПщ: 0x00004080(12380)
COM6:[inf][20:03:12.031]:ЮеЪжжа 
COM6:[inf][20:03:17.061]:ЮеЪжЪЇАм 
COM6:[inf][20:03:17.061]:[string "БЛЯТдиЩшБИ.lua"]:154: 
stack traceback:
	[C]: in function 'error'
	[string "БЛЯТдиЩшБИ.lua"]:154: in field 'err_exit'
	[string "аОЦЌЪЖБ№.lua"]:219: in function <[string "аОЦЌЪЖБ№.lua"]:136>
	[C]: in function 'pcall'
	[string "БЛЯТдиЩшБИ.lua"]:123: in upvalue 'doTask'
	[string "БЛЯТдиЩшБИ.lua"]:175: in function <[string "БЛЯТдиЩшБИ.lua"]:145>
	[C]: in function 'pcall'
	[string "ЩшБИЙЄзїСї.lua"]:32: in upvalue 'deviceRunning'
	[string "ЩшБИЙЄзїСї.lua"]:82: in function <[string "ЩшБИЙЄзїСї.lua"]:40>
	[C]: in function 'pcall'
	[string "ШЮЮёЙмРэ.lua"]:8: in function <[string "ШЮЮёЙмРэ.lua"]:7>
COM6:[inf][20:03:17.061]:ЯТдиЪЇАм ГЩЙІ:0 ЪЇАм:2
COM6:[20:03:17.079]:COM6:[inf][20:04:17.730]:ЕШД§ЯТди 
COM6:[20:04:17.747]:ЭЯзЇЪЖБ№:[inf][20:04:23.780]:[line:776]ЗЂЯжГЬађШыПкЕижЗЃК0x00004101
ЭЯзЇЪЖБ№:[inf][20:04:23.780]:HEX:вбЪЖБ№ЕНПщ: 0x00004080(12380)
COM6:[inf][20:04:23.780]:ЮеЪжжа 
COM6:[inf][20:04:28.807]:ЮеЪжЪЇАм 
COM6:[inf][20:04:28.807]:[string "БЛЯТдиЩшБИ.lua"]:154: 
stack traceback:
	[C]: in function 'error'
	[string "БЛЯТдиЩшБИ.lua"]:154: in field 'err_exit'
	[string "аОЦЌЪЖБ№.lua"]:219: in function <[string "аОЦЌЪЖБ№.lua"]:136>
	[C]: in function 'pcall'
	[string "БЛЯТдиЩшБИ.lua"]:123: in upvalue 'doTask'
	[string "БЛЯТдиЩшБИ.lua"]:175: in function <[string "БЛЯТдиЩшБИ.lua"]:145>
	[C]: in function 'pcall'
	[string "ЩшБИЙЄзїСї.lua"]:32: in upvalue 'deviceRunning'
	[string "ЩшБИЙЄзїСї.lua"]:82: in function <[string "ЩшБИЙЄзїСї.lua"]:40>
	[C]: in function 'pcall'
	[string "ШЮЮёЙмРэ.lua"]:8: in function <[string "ШЮЮёЙмРэ.lua"]:7>
COM6:[inf][20:04:28.807]:ЯТдиЪЇАм ГЩЙІ:0 ЪЇАм:3
COM6:[20:04:28.823]:COM6:[inf][20:04:58.736]:ЕШД§ЯТди 
COM6:[20:04:58.753]:ЭЯзЇЪЖБ№:[inf][20:05:13.807]:[line:776]ЗЂЯжГЬађШыПкЕижЗЃК0x00004101
ЭЯзЇЪЖБ№:[inf][20:05:13.807]:HEX:вбЪЖБ№ЕНПщ: 0x00004080(12380)
COM6:[inf][20:05:13.807]:ЮеЪжжа 
COM6:[inf][20:05:18.838]:ЮеЪжЪЇАм 
COM6:[inf][20:05:18.838]:[string "БЛЯТдиЩшБИ.lua"]:154: 
stack traceback:
	[C]: in function 'error'
	[string "БЛЯТдиЩшБИ.lua"]:154: in field 'err_exit'
	[string "аОЦЌЪЖБ№.lua"]:219: in function <[string "аОЦЌЪЖБ№.lua"]:136>
	[C]: in function 'pcall'
	[string "БЛЯТдиЩшБИ.lua"]:123: in upvalue 'doTask'
	[string "БЛЯТдиЩшБИ.lua"]:175: in function <[string "БЛЯТдиЩшБИ.lua"]:145>
	[C]: in function 'pcall'
	[string "ЩшБИЙЄзїСї.lua"]:32: in upvalue 'deviceRunning'
	[string "ЩшБИЙЄзїСї.lua"]:82: in function <[string "ЩшБИЙЄзїСї.lua"]:40>
	[C]: in function 'pcall'
	[string "ШЮЮёЙмРэ.lua"]:8: in function <[string "ШЮЮёЙмРэ.lua"]:7>
COM6:[inf][20:05:18.838]:ЯТдиЪЇАм ГЩЙІ:0 ЪЇАм:4
COM6:[20:05:18.855]:ЭЯзЇЪЖБ№:[inf][20:05:24.325]:[line:776]ЗЂЯжГЬађШыПкЕижЗЃК0x00004101
ЭЯзЇЪЖБ№:[inf][20:05:24.326]:HEX:вбЪЖБ№ЕНПщ: 0x00004080(12380)
COM6:[inf][20:05:24.326]:ЮеЪжжа 
COM6:[inf][20:05:29.353]:ЮеЪжЪЇАм 
COM6:[inf][20:05:29.353]:[string "БЛЯТдиЩшБИ.lua"]:154: 
stack traceback:
	[C]: in function 'error'
	[string "БЛЯТдиЩшБИ.lua"]:154: in field 'err_exit'
	[string "аОЦЌЪЖБ№.lua"]:219: in function <[string "аОЦЌЪЖБ№.lua"]:136>
	[C]: in function 'pcall'
	[string "БЛЯТдиЩшБИ.lua"]:123: in upvalue 'doTask'
	[string "БЛЯТдиЩшБИ.lua"]:175: in function <[string "БЛЯТдиЩшБИ.lua"]:145>
	[C]: in function 'pcall'
	[string "ЩшБИЙЄзїСї.lua"]:32: in upvalue 'deviceRunning'
	[string "ЩшБИЙЄзїСї.lua"]:82: in function <[string "ЩшБИЙЄзїСї.lua"]:40>
	[C]: in function 'pcall'
	[string "ШЮЮёЙмРэ.lua"]:8: in function <[string "ШЮЮёЙмРэ.lua"]:7>
COM6:[inf][20:05:29.353]:ЯТдиЪЇАм ГЩЙІ:0 ЪЇАм:5
COM6:[20:05:29.368]:COM6:[inf][20:07:46.368]:ЕШД§ЯТди 
COM6:[20:07:46.389]:ЭЯзЇЪЖБ№:[inf][20:07:51.080]:[line:776]ЗЂЯжГЬађШыПкЕижЗЃК0x00004101
ЭЯзЇЪЖБ№:[inf][20:07:51.080]:HEX:вбЪЖБ№ЕНПщ: 0x00004080(12380)
COM6:[inf][20:07:51.080]:ЮеЪжжа 
COM6:[inf][20:07:56.103]:ЮеЪжЪЇАм 
COM6:[inf][20:07:56.103]:[string "БЛЯТдиЩшБИ.lua"]:154: 
stack traceback:
	[C]: in function 'error'
	[string "БЛЯТдиЩшБИ.lua"]:154: in field 'err_exit'
	[string "аОЦЌЪЖБ№.lua"]:219: in function <[string "аОЦЌЪЖБ№.lua"]:136>
	[C]: in function 'pcall'
	[string "БЛЯТдиЩшБИ.lua"]:123: in upvalue 'doTask'
	[string "БЛЯТдиЩшБИ.lua"]:175: in function <[string "БЛЯТдиЩшБИ.lua"]:145>
	[C]: in function 'pcall'
	[string "ЩшБИЙЄзїСї.lua"]:32: in upvalue 'deviceRunning'
	[string "ЩшБИЙЄзїСї.lua"]:82: in function <[string "ЩшБИЙЄзїСї.lua"]:40>
	[C]: in function 'pcall'
	[string "ШЮЮёЙмРэ.lua"]:8: in function <[string "ШЮЮёЙмРэ.lua"]:7>
COM6:[inf][20:07:56.103]:ЯТдиЪЇАм ГЩЙІ:0 ЪЇАм:6
COM6:[20:07:56.118]:COM6:[20:08:17.418]:COM6:[20:08:17.433]:§џCOM6:[20:08:17.448]:ўўУCOM6:[20:08:17.463]:3|COM6:[20:08:17.478]:COM6:[20:08:17.494]:џCOM6:[20:08:17.509]:џўџрў№рCOM6:[20:08:17.525]:рРјџ рј@ ќCOM6:[20:08:18.412]:COM6:[20:08:18.518]:ј@ъў
COM6:[20:08:18.533]:љ_м_џCOM6:[20:08:18.578]:COM6:[20:08:18.608]:ќќјCOM6:[20:08:21.662]:ЭЯзЇЪЖБ№:[inf][20:08:27.401]:[line:776]ЗЂЯжГЬађШыПкЕижЗЃК0x00004101
ЭЯзЇЪЖБ№:[inf][20:08:27.401]:HEX:вбЪЖБ№ЕНПщ: 0x00004080(12380)
COM6:[inf][20:08:27.401]:ЮеЪжжа 
COM6:[inf][20:08:32.437]:ЮеЪжЪЇАм 
COM6:[inf][20:08:32.437]:[string "БЛЯТдиЩшБИ.lua"]:154: 
stack traceback:
	[C]: in function 'error'
	[string "БЛЯТдиЩшБИ.lua"]:154: in field 'err_exit'
	[string "аОЦЌЪЖБ№.lua"]:219: in function <[string "аОЦЌЪЖБ№.lua"]:136>
	[C]: in function 'pcall'
	[string "БЛЯТдиЩшБИ.lua"]:123: in upvalue 'doTask'
	[string "БЛЯТдиЩшБИ.lua"]:175: in function <[string "БЛЯТдиЩшБИ.lua"]:145>
	[C]: in function 'pcall'
	[string "ЩшБИЙЄзїСї.lua"]:32: in upvalue 'deviceRunning'
	[string "ЩшБИЙЄзїСї.lua"]:82: in function <[string "ЩшБИЙЄзїСї.lua"]:40>
	[C]: in function 'pcall'
	[string "ШЮЮёЙмРэ.lua"]:8: in function <[string "ШЮЮёЙмРэ.lua"]:7>
COM6:[inf][20:08:32.437]:ЯТдиЪЇАм ГЩЙІ:0 ЪЇАм:7
COM6:[20:08:35.746]:COM6:[20:08:37.420]:јCOM6:[20:08:41.040]:COM6:[20:08:41.056]:ўџЩюсђя
COM6:[20:08:41.116]:іу@ўћџЭЯзЇЪЖБ№:[inf][20:08:45.749]:[line:776]ЗЂЯжГЬађШыПкЕижЗЃК0x00004101
ЭЯзЇЪЖБ№:[inf][20:08:45.749]:HEX:вбЪЖБ№ЕНПщ: 0x00004080(12380)
COM6:[inf][20:08:45.749]:ЮеЪжжа 
COM6:[inf][20:08:50.774]:ЮеЪжЪЇАм 
COM6:[inf][20:08:50.775]:[string "БЛЯТдиЩшБИ.lua"]:154: 
stack traceback:
	[C]: in function 'error'
	[string "БЛЯТдиЩшБИ.lua"]:154: in field 'err_exit'
	[string "аОЦЌЪЖБ№.lua"]:219: in function <[string "аОЦЌЪЖБ№.lua"]:136>
	[C]: in function 'pcall'
	[string "БЛЯТдиЩшБИ.lua"]:123: in upvalue 'doTask'
	[string "БЛЯТдиЩшБИ.lua"]:175: in function <[string "БЛЯТдиЩшБИ.lua"]:145>
	[C]: in function 'pcall'
	[string "ЩшБИЙЄзїСї.lua"]:32: in upvalue 'deviceRunning'
	[string "ЩшБИЙЄзїСї.lua"]:82: in function <[string "ЩшБИЙЄзїСї.lua"]:40>
	[C]: in function 'pcall'
	[string "ШЮЮёЙмРэ.lua"]:8: in function <[string "ШЮЮёЙмРэ.lua"]:7>
COM6:[inf][20:08:50.775]:ЯТдиЪЇАм ГЩЙІ:0 ЪЇАм:8
COM6:[20:08:50.807]:џџџџџџџџџџџџџџџџџџџџџџџ