系统时间：2026-3-16 20:09:48.157
主线程:[inf][20:09:48.157]:WS量产工具v2.47_8010_otp
主线程:[inf][20:09:48.157]:已加载：watchfiles = true
主线程:[inf][20:09:48.157]:已加载：reboot = true
主线程:[inf][20:09:48.157]:已加载：log = true
主线程:[inf][20:09:48.157]:已加载：autodown = false
主线程:[inf][20:09:48.157]:已加载：down_baudrate = 1000000
主线程:[inf][20:09:48.157]:已加载：print_baudrate = 115200
主线程:[inf][20:09:48.157]:已加载：reset = powerup
主线程:[inf][20:09:48.157]:已加载：shark_timeout = 5000
主线程:[inf][20:09:48.157]:已加载：app = ^ws8%d+_%w?%w+_app_.*%.hex$
主线程:[inf][20:09:48.157]:已加载：stack = ^ws8%d+_%w?%w+_stack.*%.hex$
主线程:[inf][20:09:48.157]:已加载：boot = ^ws8%d+_%w?%w+_boot.*%.hex$
主线程:[inf][20:09:48.157]:已加载：part = ^ws8%d+_%w?%w+_part.*%.cfg$
主线程:[inf][20:09:48.157]:已加载：userdata = ^ws8%d+_%w?%w+_userdata.*%.cfg$
主线程:[inf][20:09:48.157]:已加载：total_down = 2761
主线程:[inf][20:09:48.157]:已加载：total_success = 2496
主线程:[inf][20:09:48.157]:LOG文件设置成功！
COM6:[inf][20:09:48.374]:等待下载 
COM6:[20:09:48.390]:拖拽识别:[inf][20:10:05.410]:[line:776]发现程序入口地址：0x00004101
拖拽识别:[inf][20:10:05.411]:HEX:已识别到块: 0x00004080(12380)
COM6:[inf][20:10:05.411]:握手中 
COM6:[inf][20:10:10.438]:握手失败 
COM6:[inf][20:10:10.439]:[string "被下载设备.lua"]:154: 
stack traceback:
	[C]: in function 'error'
	[string "被下载设备.lua"]:154: in field 'err_exit'
	[string "芯片识别.lua"]:219: in function <[string "芯片识别.lua"]:136>
	[C]: in function 'pcall'
	[string "被下载设备.lua"]:123: in upvalue 'doTask'
	[string "被下载设备.lua"]:175: in function <[string "被下载设备.lua"]:145>
	[C]: in function 'pcall'
	[string "设备工作流.lua"]:32: in upvalue 'deviceRunning'
	[string "设备工作流.lua"]:82: in function <[string "设备工作流.lua"]:40>
	[C]: in function 'pcall'
	[string "任务管理.lua"]:8: in function <[string "任务管理.lua"]:7>
COM6:[inf][20:10:10.439]:下载失败 成功:0 失败:1
COM6:[20:10:10.456]:COM6:[inf][20:14:13.791]:等待下载 
COM6:[20:14:13.808]:拖拽识别:[inf][20:14:33.707]:[line:776]发现程序入口地址：0x00004101
拖拽识别:[inf][20:14:33.707]:HEX:已识别到块: 0x00004080(12380)
COM6:[inf][20:14:33.707]:握手中 
COM6:[inf][20:14:33.751]:握手成功 115200 44ms
COM6:[inf][20:14:33.752]:芯片型号 WS8010/WS241N
COM6:[inf][20:14:33.752]:00004080
COM6:[inf][20:14:33.752]:[line:93]发现程序入口地址：0x00000000
COM6:[inf][20:14:33.752]:HEX:已识别到块: 0x20000000(1444)
COM6:[inf][20:14:33.752]:OTP烧录警告 您将对OTP进行烧录，确认后请继续，否则终止<br/>烧录内容请查看LOG
COM6:[wrn][20:14:33.752]:固件内容:
COM6:[wrn][20:14:33.753]:[00004080]:10 09 00 20 75 48 00 00 0D 49 00 00 0F 49 00 00 0F 49 00 00 0F 49 00 00 0F 49 00 00 00 00 00 00
COM6:[wrn][20:14:33.753]:[000040A0]:00 00 00 00 00 00 00 00 00 00 00 00 00 00 00 00 00 00 00 00 00 00 00 00 91 16 00 00 11 49 00 00
COM6:[wrn][20:14:33.753]:[000040C0]:15 49 00 00 21 11 00 00 15 49 00 00 BF 4A 00 00 53 1B 00 00 15 49 00 00 15 49 00 00 00 00 00 00
COM6:[wrn][20:14:33.753]:[000040E0]:A7 49 00 00 15 49 00 00 15 49 00 00 15 49 00 00 00 00 00 00 15 49 00 00 00 00 00 00 15 49 00 00
COM6:[wrn][20:14:33.753]: ...
COM6:[wrn][20:14:33.753]:[00007060]:3B AA E2 ED 11 1A AA 84 41 1A 0D 0F 02 2B 64 1A 02 02 5A 20 F4 59 12 18 11 01 06 03 02 FD FD 05
COM6:[wrn][20:14:33.753]:[00007080]:09 77 6C 5F 31 15 FF 09 01 52 1B 01 10 04 32 D6 3A FF 01 1A AA 89 51 29 23 01 1E 63 30 75 13 A4
COM6:[wrn][20:14:33.753]:[000070A0]:01 64 20 A3 61 42 FF 00 12 36 07 05 12 78 77 02 05 09 05 09 44 65 6D 6F 02 01 05 3B 40 9C C5 9C
COM6:[wrn][20:14:33.753]:[000070C0]:20 49 62 5C 13 40 25 32 7F 23 20 4E 5A 41 18 B9 94 19 30 4B 53 0E 38 72 40 72 19 00
COM6:[wrn][20:14:33.753]:OTP烧录警告，您将对OTP进行烧录，请确认后继续
COM6:[inf][20:14:33.756]:fastboot 加载中
COM6:[inf][20:14:33.760]:20000000
COM6:[inf][20:14:33.760]:20000009
COM6:[inf][20:14:34.115]:BOOT信息 读取中
COM6:[inf][20:14:34.118]:BOOT信息 版本号:7.02
COM6:[inf][20:14:34.118]:密码认证中 
COM6:[inf][20:14:34.122]:认证完成 更新权限
COM6:[inf][20:14:34.122]:波特率 更新中
COM6:[inf][20:14:34.125]:波特率更新 1000000
COM6:[inf][20:14:34.129]:fastboot 加载完成
COM6:[inf][20:14:34.129]:HEX[00004080:12380] 0%
COM6:[inf][20:14:34.197]:HEX[00004080:12380] 4%
COM6:[inf][20:14:34.230]:HEX[00004080:12380] 6%
COM6:[inf][20:14:34.262]:HEX[00004080:12380] 8%
COM6:[inf][20:14:34.294]:HEX[00004080:12380] 10%
COM6:[inf][20:14:34.326]:HEX[00004080:12380] 12%
COM6:[inf][20:14:34.358]:HEX[00004080:12380] 14%
COM6:[inf][20:14:34.391]:HEX[00004080:12380] 16%
COM6:[inf][20:14:34.425]:HEX[00004080:12380] 18%
COM6:[inf][20:14:34.460]:HEX[00004080:12380] 20%
COM6:[inf][20:14:34.493]:HEX[00004080:12380] 22%
COM6:[inf][20:14:34.526]:HEX[00004080:12380] 24%
COM6:[inf][20:14:34.559]:HEX[00004080:12380] 26%
COM6:[inf][20:14:34.593]:HEX[00004080:12380] 28%
COM6:[inf][20:14:34.626]:HEX[00004080:12380] 31%
COM6:[inf][20:14:34.658]:HEX[00004080:12380] 33%
COM6:[inf][20:14:34.691]:HEX[00004080:12380] 35%
COM6:[inf][20:14:34.724]:HEX[00004080:12380] 37%
COM6:[inf][20:14:34.757]:HEX[00004080:12380] 39%
COM6:[inf][20:14:34.791]:HEX[00004080:12380] 41%
COM6:[inf][20:14:34.823]:HEX[00004080:12380] 43%
COM6:[inf][20:14:34.855]:HEX[00004080:12380] 45%
COM6:[inf][20:14:34.885]:HEX[00004080:12380] 47%
COM6:[inf][20:14:34.916]:HEX[00004080:12380] 49%
COM6:[inf][20:14:34.947]:HEX[00004080:12380] 51%
COM6:[inf][20:14:34.979]:HEX[00004080:12380] 53%
COM6:[inf][20:14:35.012]:HEX[00004080:12380] 55%
COM6:[inf][20:14:35.046]:HEX[00004080:12380] 57%
COM6:[inf][20:14:35.079]:HEX[00004080:12380] 59%
COM6:[inf][20:14:35.112]:HEX[00004080:12380] 62%
COM6:[inf][20:14:35.143]:HEX[00004080:12380] 64%
COM6:[inf][20:14:35.175]:HEX[00004080:12380] 66%
COM6:[inf][20:14:35.205]:HEX[00004080:12380] 68%
COM6:[inf][20:14:35.237]:HEX[00004080:12380] 70%
COM6:[inf][20:14:35.268]:HEX[00004080:12380] 72%
COM6:[inf][20:14:35.300]:HEX[00004080:12380] 74%
COM6:[inf][20:14:35.330]:HEX[00004080:12380] 76%
COM6:[inf][20:14:35.363]:HEX[00004080:12380] 78%
COM6:[inf][20:14:35.395]:HEX[00004080:12380] 80%
COM6:[inf][20:14:35.426]:HEX[00004080:12380] 82%
COM6:[inf][20:14:35.457]:HEX[00004080:12380] 84%
COM6:[inf][20:14:35.490]:HEX[00004080:12380] 86%
COM6:[inf][20:14:35.522]:HEX[00004080:12380] 88%
COM6:[inf][20:14:35.554]:HEX[00004080:12380] 90%
COM6:[inf][20:14:35.586]:HEX[00004080:12380] 93%
COM6:[inf][20:14:35.626]:HEX[00004080:12380] 95%
COM6:[inf][20:14:35.664]:HEX[00004080:12380] 97%
COM6:[inf][20:14:35.700]:HEX[00004080:12380] 99%
COM6:[inf][20:14:35.712]:HEX[00004080:12380] 100%
COM6:[inf][20:14:35.718]:HEX[00004080:12380] 校验中
COM6:[inf][20:14:35.723]:HEX[00004080:12380] 校验成功
COM6:[inf][20:14:35.723]:下载耗时:2016ms

COM6:[inf][20:14:35.723]:下载成功 下载成功
COM6:[inf][20:14:35.723]:下载成功 成功:1 失败:1
COM6:[20:14:35.748]: