系统时间：2026-3-16 19:08:13.195
主线程:[inf][19:08:13.195]:WS量产工具v2.47_8010_otp
主线程:[inf][19:08:13.211]:已加载：watchfiles = true
主线程:[inf][19:08:13.211]:已加载：reboot = true
主线程:[inf][19:08:13.211]:已加载：log = true
主线程:[inf][19:08:13.211]:已加载：autodown = false
主线程:[inf][19:08:13.211]:已加载：down_baudrate = 1000000
主线程:[inf][19:08:13.211]:已加载：print_baudrate = 115200
主线程:[inf][19:08:13.211]:已加载：reset = powerup
主线程:[inf][19:08:13.211]:已加载：shark_timeout = 5000
主线程:[inf][19:08:13.211]:已加载：app = ^ws8%d+_%w?%w+_app_.*%.hex$
主线程:[inf][19:08:13.211]:已加载：stack = ^ws8%d+_%w?%w+_stack.*%.hex$
主线程:[inf][19:08:13.211]:已加载：boot = ^ws8%d+_%w?%w+_boot.*%.hex$
主线程:[inf][19:08:13.211]:已加载：part = ^ws8%d+_%w?%w+_part.*%.cfg$
主线程:[inf][19:08:13.211]:已加载：userdata = ^ws8%d+_%w?%w+_userdata.*%.cfg$
主线程:[inf][19:08:13.211]:已加载：total_success = 2495
主线程:[inf][19:08:13.211]:已加载：total_down = 2752
主线程:[inf][19:08:13.211]:设置LOG文件错误，错误码：110，正在重试...
主线程:[inf][19:08:13.793]:LOG文件设置成功！
COM6:[inf][19:09:36.325]:等待下载 
COM6:[19:09:36.342]:拖拽识别:[inf][19:10:02.336]:[line:776]发现程序入口地址：0x00004101
拖拽识别:[inf][19:10:02.336]:HEX:已识别到块: 0x00004080(12380)
COM6:[inf][19:10:02.336]:握手中 
COM6:[inf][19:10:02.368]:握手成功 115200 32ms
COM6:[inf][19:10:02.368]:芯片型号 WS8010/WS241N
COM6:[inf][19:10:02.368]:00004080
COM6:[inf][19:10:02.370]:[line:93]发现程序入口地址：0x00000000
COM6:[inf][19:10:02.370]:HEX:已识别到块: 0x20000000(1444)
COM6:[inf][19:10:02.370]:OTP烧录警告 您将对OTP进行烧录，确认后请继续，否则终止<br/>烧录内容请查看LOG
COM6:[wrn][19:10:02.370]:固件内容:
COM6:[wrn][19:10:02.370]:[00004080]:10 09 00 20 75 48 00 00 0D 49 00 00 0F 49 00 00 0F 49 00 00 0F 49 00 00 0F 49 00 00 00 00 00 00
COM6:[wrn][19:10:02.370]:[000040A0]:00 00 00 00 00 00 00 00 00 00 00 00 00 00 00 00 00 00 00 00 00 00 00 00 91 16 00 00 11 49 00 00
COM6:[wrn][19:10:02.370]:[000040C0]:15 49 00 00 21 11 00 00 15 49 00 00 BF 4A 00 00 53 1B 00 00 15 49 00 00 15 49 00 00 00 00 00 00
COM6:[wrn][19:10:02.370]:[000040E0]:A7 49 00 00 15 49 00 00 15 49 00 00 15 49 00 00 00 00 00 00 15 49 00 00 00 00 00 00 15 49 00 00
COM6:[wrn][19:10:02.370]: ...
COM6:[wrn][19:10:02.370]:[00007060]:3B AA E2 ED 11 1A AA 84 41 1A 0D 0F 02 2B 64 1A 02 02 5A 20 F4 59 12 18 0F 01 06 03 02 FD FD 05
COM6:[wrn][19:10:02.370]:[00007080]:09 77 6C 5F 31 09 01 50 1B 01 10 04 32 D6 3A FF 01 1A AA 87 51 29 21 01 20 63 30 75 13 A4 01 64
COM6:[wrn][19:10:02.370]:[000070A0]:20 A3 61 42 FF 00 12 36 07 05 12 78 77 02 05 09 05 09 44 65 6D 6F 02 01 05 3B 40 9C C5 9C 20 49
COM6:[wrn][19:10:02.370]:[000070C0]:62 5C 13 40 25 32 7F 23 20 4E 5A 41 18 B9 94 19 30 4B 53 0E 38 72 40 72 19 00 00 00
COM6:[wrn][19:10:02.370]:OTP烧录警告，您将对OTP进行烧录，请确认后继续
COM6:[inf][19:10:02.376]:fastboot 加载中
COM6:[inf][19:10:02.380]:20000000
COM6:[inf][19:10:02.380]:20000009
COM6:[inf][19:10:02.736]:BOOT信息 读取中
COM6:[inf][19:10:02.739]:BOOT信息 版本号:7.02
COM6:[inf][19:10:02.739]:密码认证中 
COM6:[inf][19:10:02.742]:认证完成 更新权限
COM6:[inf][19:10:02.742]:波特率 更新中
COM6:[inf][19:10:02.745]:波特率更新 1000000
COM6:[inf][19:10:02.749]:fastboot 加载完成
COM6:[inf][19:10:02.749]:HEX[00004080:12380] 0%
COM6:[inf][19:10:02.817]:HEX[00004080:12380] 4%
COM6:[inf][19:10:02.850]:HEX[00004080:12380] 6%
COM6:[inf][19:10:02.882]:HEX[00004080:12380] 8%
COM6:[inf][19:10:02.914]:HEX[00004080:12380] 10%
COM6:[inf][19:10:02.947]:HEX[00004080:12380] 12%
COM6:[inf][19:10:02.978]:HEX[00004080:12380] 14%
COM6:[inf][19:10:03.011]:HEX[00004080:12380] 16%
COM6:[inf][19:10:03.045]:HEX[00004080:12380] 18%
COM6:[inf][19:10:03.079]:HEX[00004080:12380] 20%
COM6:[inf][19:10:03.112]:HEX[00004080:12380] 22%
COM6:[inf][19:10:03.145]:HEX[00004080:12380] 24%
COM6:[inf][19:10:03.178]:HEX[00004080:12380] 26%
COM6:[inf][19:10:03.211]:HEX[00004080:12380] 28%
COM6:[inf][19:10:03.244]:HEX[00004080:12380] 31%
COM6:[inf][19:10:03.277]:HEX[00004080:12380] 33%
COM6:[inf][19:10:03.309]:HEX[00004080:12380] 35%
COM6:[inf][19:10:03.343]:HEX[00004080:12380] 37%
COM6:[inf][19:10:03.377]:HEX[00004080:12380] 39%
COM6:[inf][19:10:03.410]:HEX[00004080:12380] 41%
COM6:[inf][19:10:03.442]:HEX[00004080:12380] 43%
COM6:[inf][19:10:03.474]:HEX[00004080:12380] 45%
COM6:[inf][19:10:03.504]:HEX[00004080:12380] 47%
COM6:[inf][19:10:03.536]:HEX[00004080:12380] 49%
COM6:[inf][19:10:03.566]:HEX[00004080:12380] 51%
COM6:[inf][19:10:03.599]:HEX[00004080:12380] 53%
COM6:[inf][19:10:03.631]:HEX[00004080:12380] 55%
COM6:[inf][19:10:03.664]:HEX[00004080:12380] 57%
COM6:[inf][19:10:03.696]:HEX[00004080:12380] 59%
COM6:[inf][19:10:03.729]:HEX[00004080:12380] 62%
COM6:[inf][19:10:03.760]:HEX[00004080:12380] 64%
COM6:[inf][19:10:03.793]:HEX[00004080:12380] 66%
COM6:[inf][19:10:03.823]:HEX[00004080:12380] 68%
COM6:[inf][19:10:03.855]:HEX[00004080:12380] 70%
COM6:[inf][19:10:03.886]:HEX[00004080:12380] 72%
COM6:[inf][19:10:03.918]:HEX[00004080:12380] 74%
COM6:[inf][19:10:03.949]:HEX[00004080:12380] 76%
COM6:[inf][19:10:03.982]:HEX[00004080:12380] 78%
COM6:[inf][19:10:04.014]:HEX[00004080:12380] 80%
COM6:[inf][19:10:04.045]:HEX[00004080:12380] 82%
COM6:[inf][19:10:04.076]:HEX[00004080:12380] 84%
COM6:[inf][19:10:04.109]:HEX[00004080:12380] 86%
COM6:[inf][19:10:04.141]:HEX[00004080:12380] 88%
COM6:[inf][19:10:04.173]:HEX[00004080:12380] 90%
COM6:[inf][19:10:04.205]:HEX[00004080:12380] 93%
COM6:[inf][19:10:04.245]:HEX[00004080:12380] 95%
COM6:[inf][19:10:04.284]:HEX[00004080:12380] 97%
COM6:[inf][19:10:04.320]:HEX[00004080:12380] 99%
COM6:[inf][19:10:04.333]:HEX[00004080:12380] 100%
COM6:[inf][19:10:04.342]:HEX[00004080:12380] 校验中
COM6:[inf][19:10:04.347]:HEX[00004080:12380] 校验成功
COM6:[inf][19:10:04.347]:下载耗时:2011ms

COM6:[inf][19:10:04.347]:下载成功 下载成功
COM6:[inf][19:10:04.347]:下载成功 成功:1 失败:0
COM6:[19:10:04.373]: